ARExample/app/build/outputs/apk/manifest-merger-debug-report.txt
-- Merging decision tree log ---
manifest
ADDED from AndroidManifest.xml:2:1
	xmlns:android
		ADDED from AndroidManifest.xml:2:11
	package
		ADDED from AndroidManifest.xml:3:5
		INJECTED from AndroidManifest.xml:0:0
		INJECTED from AndroidManifest.xml:0:0
	android:versionName
		ADDED from AndroidManifest.xml:5:5
	android:versionCode
		ADDED from AndroidManifest.xml:4:5
		INJECTED from AndroidManifest.xml:0:0
		INJECTED from AndroidManifest.xml:0:0
	android:installLocation
		ADDED from AndroidManifest.xml:6:5
uses-permission#android.permission.INTERNET
ADDED from AndroidManifest.xml:8:5
	android:name
		ADDED from AndroidManifest.xml:8:22
uses-permission#android.permission.ACCESS_COARSE_LOCATION
ADDED from AndroidManifest.xml:9:5
	android:name
		ADDED from AndroidManifest.xml:9:22
uses-permission#android.permission.ACCESS_FINE_LOCATION
ADDED from AndroidManifest.xml:10:5
	android:name
		ADDED from AndroidManifest.xml:10:22
uses-permission#android.permission.ACCESS_NETWORK_STATE
ADDED from AndroidManifest.xml:11:5
	android:name
		ADDED from AndroidManifest.xml:11:22
uses-permission#android.permission.ACCESS_WIFI_STATE
ADDED from AndroidManifest.xml:12:5
	android:name
		ADDED from AndroidManifest.xml:12:22
uses-permission#android.permission.ACCESS_GPS
ADDED from AndroidManifest.xml:13:5
	android:name
		ADDED from AndroidManifest.xml:13:22
uses-permission#android.permission.CAMERA
ADDED from AndroidManifest.xml:14:5
	android:name
		ADDED from AndroidManifest.xml:14:22
uses-permission#android.permission.WRITE_EXTERNAL_STORAGE
ADDED from AndroidManifest.xml:15:5
	android:name
		ADDED from AndroidManifest.xml:15:22
uses-feature#0x00020000
ADDED from AndroidManifest.xml:18:5
	android:required
		ADDED from AndroidManifest.xml:18:52
	android:glEsVersion
		ADDED from AndroidManifest.xml:18:19
uses-feature#android.hardware.camera
ADDED from AndroidManifest.xml:21:2
	android:required
		ADDED from AndroidManifest.xml:21:55
	android:name
		ADDED from AndroidManifest.xml:21:16
uses-feature#android.hardware.location
ADDED from AndroidManifest.xml:24:2
	android:required
		ADDED from AndroidManifest.xml:24:57
	android:name
		ADDED from AndroidManifest.xml:24:16
uses-feature#android.hardware.sensor.accelerometer
ADDED from AndroidManifest.xml:27:2
	android:required
		ADDED from AndroidManifest.xml:27:69
	android:name
		ADDED from AndroidManifest.xml:27:16
uses-feature#android.hardware.sensor.compass
ADDED from AndroidManifest.xml:30:2
	android:required
		ADDED from AndroidManifest.xml:30:63
	android:name
		ADDED from AndroidManifest.xml:30:16
supports-screens
ADDED from AndroidManifest.xml:33:2
	android:largeScreens
		ADDED from AndroidManifest.xml:34:33
	android:anyDensity
		ADDED from AndroidManifest.xml:35:33
	android:normalScreens
		ADDED from AndroidManifest.xml:35:4
	android:xlargeScreens
		ADDED from AndroidManifest.xml:36:4
	android:smallScreens
		ADDED from AndroidManifest.xml:34:4
uses-sdk
ADDED from AndroidManifest.xml:38:5
	android:targetSdkVersion
		ADDED from AndroidManifest.xml:40:9
		INJECTED from AndroidManifest.xml:0:0
		INJECTED from AndroidManifest.xml:0:0
	android:minSdkVersion
		ADDED from AndroidManifest.xml:39:9
		INJECTED from AndroidManifest.xml:0:0
		INJECTED from AndroidManifest.xml:0:0
application
ADDED from AndroidManifest.xml:44:5
	android:label
		ADDED from AndroidManifest.xml:47:9
	android:debuggable
		ADDED from AndroidManifest.xml:48:9
	android:allowBackup
		ADDED from AndroidManifest.xml:45:9
	android:icon
		ADDED from AndroidManifest.xml:46:9
	android:theme
		ADDED from AndroidManifest.xml:49:9
activity#com.wikitude.samples.MainActivity
ADDED from AndroidManifest.xml:50:9
	android:label
		ADDED from AndroidManifest.xml:52:13
	android:name
		ADDED from AndroidManifest.xml:51:13
intent-filter#android.intent.action.MAIN+android.intent.category.LAUNCHER
ADDED from AndroidManifest.xml:53:13
action#android.intent.action.MAIN
ADDED from AndroidManifest.xml:54:17
	android:name
		ADDED from AndroidManifest.xml:54:25
category#android.intent.category.LAUNCHER
ADDED from AndroidManifest.xml:56:17
	android:name
		ADDED from AndroidManifest.xml:56:27
activity#com.wikitude.samples.MainSamplesListActivity
ADDED from AndroidManifest.xml:61:9
	android:name
		ADDED from AndroidManifest.xml:61:19
activity#com.wikitude.samples.SamplePoiDetailActivity
ADDED from AndroidManifest.xml:64:9
	android:name
		ADDED from AndroidManifest.xml:64:19
activity#com.wikitude.samples.SampleCamActivity
ADDED from AndroidManifest.xml:67:9
	android:configChanges
		ADDED from AndroidManifest.xml:67:73
	android:name
		ADDED from AndroidManifest.xml:67:19
activity#com.wikitude.samples.SampleCamCaptureScreenActivity
ADDED from AndroidManifest.xml:68:9
	android:configChanges
		ADDED from AndroidManifest.xml:68:86
	android:name
		ADDED from AndroidManifest.xml:68:19
activity#com.wikitude.samples.SampleCamContentFromNativeActivity
ADDED from AndroidManifest.xml:69:9
	android:configChanges
		ADDED from AndroidManifest.xml:69:90
	android:name
		ADDED from AndroidManifest.xml:69:19
activity#com.wikitude.samples.SampleCamHandlePoiDetailActivity
ADDED from AndroidManifest.xml:70:9
	android:configChanges
		ADDED from AndroidManifest.xml:70:88
	android:name
		ADDED from AndroidManifest.xml:70:19
activity#com.wikitude.samples.SampleFrontCamActivity
ADDED from AndroidManifest.xml:71:9
	android:configChanges
		ADDED from AndroidManifest.xml:71:78
	android:name
		ADDED from AndroidManifest.xml:71:19
activity#com.wikitude.samples.utils.urllauncher.ARchitectUrlLauncherActivity
ADDED from AndroidManifest.xml:74:9
	android:label
		ADDED from AndroidManifest.xml:76:13
	android:name
		ADDED from AndroidManifest.xml:75:13
activity#com.wikitude.samples.utils.urllauncher.ARchitectUrlLauncherCamActivity
ADDED from AndroidManifest.xml:77:9
	android:label
		ADDED from AndroidManifest.xml:80:13
	android:configChanges
		ADDED from AndroidManifest.xml:79:13
	android:name
		ADDED from AndroidManifest.xml:78:13
activity#com.wikitude.tools.activities.MediaPlayerActivity
ADDED from AndroidManifest.xml:83:3
	android:screenOrientation
		ADDED from AndroidManifest.xml:84:4
	android:name
		ADDED from AndroidManifest.xml:83:13
intent-filter#android.intent.action.VIEW+android.intent.category.DEFAULT
ADDED from AndroidManifest.xml:85:4
action#android.intent.action.VIEW
ADDED from AndroidManifest.xml:86:5
	android:name
		ADDED from AndroidManifest.xml:86:13
category#android.intent.category.DEFAULT
ADDED from AndroidManifest.xml:87:5
	android:name
		ADDED from AndroidManifest.xml:87:15